<?xml version="1.0" encoding="UTF-8"?>
<!-- Generated by org.testng.reporters.JUnitReportReporter -->
<testsuite hostname="desktop-PC" name="com.homeaway.tests.CheckoutPageTest" tests="2" failures="0" timestamp="24 Apr 2016 15:01:37 GMT" time="34.741" errors="0">
  <testcase name="TotalPriceCheckTest" time="18.299" classname="com.homeaway.tests.CheckoutPageTest"/>
  <testcase name="removeOrderTest" time="16.442" classname="com.homeaway.tests.CheckoutPageTest"/>
</testsuite> <!-- com.homeaway.tests.CheckoutPageTest -->
