<?xml version="1.0" encoding="UTF-8"?>
<!-- Generated by org.testng.reporters.JUnitReportReporter -->
<testsuite hostname="desktop-PC" name="com.homeaway.tests.StationServiceTest" tests="2" failures="0" timestamp="24 Apr 2016 14:41:41 GMT" time="8.586" errors="0">
  <testcase name="findFuelStationsById" time="5.517" classname="com.homeaway.tests.StationServiceTest"/>
  <testcase name="getAllChargePointFuelStationsTest" time="3.069" classname="com.homeaway.tests.StationServiceTest"/>
</testsuite> <!-- com.homeaway.tests.StationServiceTest -->
