<?xml version="1.0" encoding="UTF-8"?>
<!-- Generated by org.testng.reporters.JUnitReportReporter -->
<testsuite hostname="desktop-PC" name="com.homeaway.tests.YourAccountPageTest" tests="2" failures="0" timestamp="24 Apr 2016 14:05:36 GMT" time="53.102" errors="0">
  <testcase name="retrieveProfileTest" time="31.076" classname="com.homeaway.tests.YourAccountPageTest"/>
  <testcase name="updateProfileTest" time="22.026" classname="com.homeaway.tests.YourAccountPageTest"/>
</testsuite> <!-- com.homeaway.tests.YourAccountPageTest -->
